<?xml version="1.0" encoding="UTF-8"?>
<!-- Generated by org.testng.reporters.JUnitReportReporter -->
<testsuite skipped="0" hostname="LAPTOP-JD3JCJ7C" name="tests.SanityBuyProduct" tests="4" failures="0" timestamp="2021-03-02T20:11:30 IST" time="59.700" errors="0">
  <testcase name="searchProduct" time="12.508" classname="tests.SanityBuyProduct"/>
  <system-out/>
  <testcase name="getIntoProduct" time="8.737" classname="tests.SanityBuyProduct"/>
  <system-out/>
  <testcase name="editProduct" time="1.107" classname="tests.SanityBuyProduct"/>
  <system-out/>
  <testcase name="addToCart" time="37.348" classname="tests.SanityBuyProduct"/>
  <system-out/>
</testsuite> <!-- tests.SanityBuyProduct -->
